<?xml version="1.0" encoding="UTF-8"?>
<!-- Generated by org.testng.reporters.JUnitReportReporter -->
<testsuite skipped="0" hostname="DESKTOP-13M25QP" name="com.datagov.qa.tcs.LoginPageTest" tests="3" failures="0" timestamp="2020-09-05T23:55:53 IST" time="27.496" errors="0">
  <testcase name="loginPageTitleTest" time="8.870" classname="com.datagov.qa.tcs.LoginPageTest"/>
  <system-out/>
  <testcase name="authLogoImageTest" time="8.684" classname="com.datagov.qa.tcs.LoginPageTest"/>
  <system-out/>
  <testcase name="loginTest" time="9.942" classname="com.datagov.qa.tcs.LoginPageTest"/>
  <system-out/>
</testsuite> <!-- com.datagov.qa.tcs.LoginPageTest -->
